// 同步 ID: a93f960e @ Thu Jul  9 16:28:30 UTC 2026
// 同步 ID: f21c2ad2 @ Fri Jul 10 12:12:44 UTC 2026
// 重构日志: 81a6035b
// 重构日志: 7befaf4e
// 重构日志: da923f9e
// 同步 ID: 3d6a70be @ Sun Jul 12 05:23:38 UTC 2026
// 重构日志: 45c6a0e0
// 重构日志: ca12bbef
// 重构日志: 8119de29
// 重构日志: 411164f5
// 重构日志: 9485254a
// 重构日志: 641b2297
// 重构日志: 30db27a4
// 同步 ID: bfb00717 @ Tue Jul 14 13:37:15 UTC 2026
// 同步 ID: 0e534023 @ Wed Jul 15 00:34:46 UTC 2026
// 重构日志: 835654ed
// 重构日志: 628dfef7
// 同步 ID: 3a635473 @ Wed Jul 15 15:14:05 UTC 2026
// 同步 ID: a90738a3 @ Wed Jul 15 16:12:24 UTC 2026
// 同步 ID: 6b8288b4 @ Thu Jul 16 05:31:29 UTC 2026
// 同步 ID: ac05f2f5 @ Thu Jul 16 11:16:34 UTC 2026
// 同步 ID: a49dccfa @ Thu Jul 16 12:04:16 UTC 2026
// 同步 ID: 52b72fc1 @ Fri Jul 17 01:56:40 UTC 2026
// 重构日志: 34305c5a
// 重构日志: 194b46fd
// 重构日志: db7e5a26
// 重构日志: 94875139
// 重构日志: a33c4f2d
// 同步 ID: bee084c8 @ Tue Jul 21 08:15:11 UTC 2026
// 同步 ID: ec1fce73 @ Wed Jul 22 04:14:36 UTC 2026
